<?xml version="1.0" encoding="UTF-8" ?>
<testsuite tests="2" failures="0" name="com.irdaislakhuafa.unittesting.CalculatorTest" time="0.001" errors="0" skipped="0">
  <properties>
[...]
</properties>
  <testcase classname="com.irdaislakhuafa.unittesting.CalculatorTest" name="com.irdaislakhuafa.unittesting.CalculatorTest.testDivideSuccess" time="0.001"/>
  <testcase classname="com.irdaislakhuafa.unittesting.CalculatorTest" name="com.irdaislakhuafa.unittesting.CalculatorTest.testAddSuccess" time="0"/>
</testsuite>